# JRE version: OpenJDK Runtime Environment (8.0_242-b01) (build 1.8.0_242-release-1644-b01)
# Java VM: OpenJDK 64-Bit Server VM (25.242-b01 mixed mode windows-amd64 compressed oops)
Heap:
 PSYoungGen      total 327680K, used 167719K [0x00000000d5580000, 0x00000000ece00000, 0x0000000100000000)
  eden space 272896K, 49% used [0x00000000d5580000,0x00000000dd905320,0x00000000e6000000)
  from space 54784K, 60% used [0x00000000e9880000,0x00000000eb8c4b80,0x00000000ece00000)
  to   space 56320K, 0% used [0x00000000e6000000,0x00000000e6000000,0x00000000e9700000)
 ParOldGen       total 192000K, used 109428K [0x0000000080000000, 0x000000008bb80000, 0x00000000d5580000)
  object space 192000K, 56% used [0x0000000080000000,0x0000000086add328,0x000000008bb80000)
 Metaspace       used 109720K, capacity 115614K, committed 116520K, reserved 1150976K
  class space    used 14288K, capacity 15474K, committed 15920K, reserved 1048576K
GC Heap History (10 events):
Event: 301.207 GC heap before
{Heap before GC invocations=26 (full 4):
 PSYoungGen      total 239104K, used 187904K [0x00000000d5580000, 0x00000000e9280000, 0x0000000100000000)
  eden space 187904K, 100% used [0x00000000d5580000,0x00000000e0d00000,0x00000000e0d00000)
  from space 51200K, 0% used [0x00000000e0d00000,0x00000000e0d00000,0x00000000e3f00000)
  to   space 50176K, 0% used [0x00000000e6180000,0x00000000e6180000,0x00000000e9280000)
 ParOldGen       total 192000K, used 79964K [0x0000000080000000, 0x000000008bb80000, 0x00000000d5580000)
  object space 192000K, 41% used [0x0000000080000000,0x0000000084e171a8,0x000000008bb80000)
 Metaspace       used 93121K, capacity 97828K, committed 100392K, reserved 1136640K
  class space    used 12288K, capacity 13158K, committed 13872K, reserved 1048576K
Event: 301.328 GC heap after
Heap after GC invocations=26 (full 4):
 PSYoungGen      total 263680K, used 50151K [0x00000000d5580000, 0x00000000eac80000, 0x0000000100000000)
  eden space 213504K, 0% used [0x00000000d5580000,0x00000000d5580000,0x00000000e2600000)
  from space 50176K, 99% used [0x00000000e6180000,0x00000000e9279ef0,0x00000000e9280000)
  to   space 60928K, 0% used [0x00000000e2600000,0x00000000e2600000,0x00000000e6180000)
 ParOldGen       total 192000K, used 87053K [0x0000000080000000, 0x000000008bb80000, 0x00000000d5580000)
  object space 192000K, 45% used [0x0000000080000000,0x0000000085503648,0x000000008bb80000)
 Metaspace       used 93121K, capacity 97828K, committed 100392K, reserved 1136640K
  class space    used 12288K, capacity 13158K, committed 13872K, reserved 1048576K
}
Event: 760.952 GC heap before
{Heap before GC invocations=27 (full 4):
 PSYoungGen      total 263680K, used 263655K [0x00000000d5580000, 0x00000000eac80000, 0x0000000100000000)
  eden space 213504K, 100% used [0x00000000d5580000,0x00000000e2600000,0x00000000e2600000)
  from space 50176K, 99% used [0x00000000e6180000,0x00000000e9279ef0,0x00000000e9280000)
  to   space 60928K, 0% used [0x00000000e2600000,0x00000000e2600000,0x00000000e6180000)
 ParOldGen       total 192000K, used 87053K [0x0000000080000000, 0x000000008bb80000, 0x00000000d5580000)
  object space 192000K, 45% used [0x0000000080000000,0x0000000085503648,0x000000008bb80000)
 Metaspace       used 96574K, capacity 101510K, committed 103464K, reserved 1138688K
  class space    used 12751K, capacity 13663K, committed 14384K, reserved 1048576K
Event: 761.023 GC heap after
Heap after GC invocations=27 (full 4):
 PSYoungGen      total 274432K, used 13417K [0x00000000d5580000, 0x00000000ec100000, 0x0000000100000000)
  eden space 213504K, 0% used [0x00000000d5580000,0x00000000d5580000,0x00000000e2600000)
  from space 60928K, 22% used [0x00000000e2600000,0x00000000e331a648,0x00000000e6180000)
  to   space 58880K, 0% used [0x00000000e8780000,0x00000000e8780000,0x00000000ec100000)
 ParOldGen       total 192000K, used 103730K [0x0000000080000000, 0x000000008bb80000, 0x00000000d5580000)
  object space 192000K, 54% used [0x0000000080000000,0x000000008654ca80,0x000000008bb80000)
 Metaspace       used 96574K, capacity 101510K, committed 103464K, reserved 1138688K
  class space    used 12751K, capacity 13663K, committed 14384K, reserved 1048576K
}
Event: 790.640 GC heap before
{Heap before GC invocations=28 (full 4):
 PSYoungGen      total 274432K, used 226921K [0x00000000d5580000, 0x00000000ec100000, 0x0000000100000000)
  eden space 213504K, 100% used [0x00000000d5580000,0x00000000e2600000,0x00000000e2600000)
  from space 60928K, 22% used [0x00000000e2600000,0x00000000e331a648,0x00000000e6180000)
  to   space 58880K, 0% used [0x00000000e8780000,0x00000000e8780000,0x00000000ec100000)
 ParOldGen       total 192000K, used 103730K [0x0000000080000000, 0x000000008bb80000, 0x00000000d5580000)
  object space 192000K, 54% used [0x0000000080000000,0x000000008654ca80,0x000000008bb80000)
 Metaspace       used 104804K, capacity 110254K, committed 111528K, reserved 1144832K
  class space    used 13865K, capacity 14935K, committed 15536K, reserved 1048576K
Event: 790.672 GC heap after
Heap after GC invocations=28 (full 4):
 PSYoungGen      total 295936K, used 18889K [0x00000000d5580000, 0x00000000eb580000, 0x0000000100000000)
  eden space 248832K, 0% used [0x00000000d5580000,0x00000000d5580000,0x00000000e4880000)
  from space 47104K, 40% used [0x00000000e8780000,0x00000000e99f2610,0x00000000eb580000)
  to   space 55808K, 0% used [0x00000000e4880000,0x00000000e4880000,0x00000000e7f00000)
 ParOldGen       total 192000K, used 109412K [0x0000000080000000, 0x000000008bb80000, 0x00000000d5580000)
  object space 192000K, 56% used [0x0000000080000000,0x0000000086ad9328,0x000000008bb80000)
 Metaspace       used 104804K, capacity 110254K, committed 111528K, reserved 1144832K
  class space    used 13865K, capacity 14935K, committed 15536K, reserved 1048576K
}
Event: 2953.325 GC heap before
{Heap before GC invocations=29 (full 4):
 PSYoungGen      total 295936K, used 267721K [0x00000000d5580000, 0x00000000eb580000, 0x0000000100000000)
  eden space 248832K, 100% used [0x00000000d5580000,0x00000000e4880000,0x00000000e4880000)
  from space 47104K, 40% used [0x00000000e8780000,0x00000000e99f2610,0x00000000eb580000)
  to   space 55808K, 0% used [0x00000000e4880000,0x00000000e4880000,0x00000000e7f00000)
 ParOldGen       total 192000K, used 109412K [0x0000000080000000, 0x000000008bb80000, 0x00000000d5580000)
  object space 192000K, 56% used [0x0000000080000000,0x0000000086ad9328,0x000000008bb80000)
 Metaspace       used 109111K, capacity 114906K, committed 115752K, reserved 1148928K
  class space    used 14281K, capacity 15466K, committed 15920K, reserved 1048576K
Event: 2954.716 GC heap after
Heap after GC invocations=29 (full 4):
 PSYoungGen      total 304640K, used 31426K [0x00000000d5580000, 0x00000000ecf00000, 0x0000000100000000)
  eden space 248832K, 0% used [0x00000000d5580000,0x00000000d5580000,0x00000000e4880000)
  from space 55808K, 56% used [0x00000000e4880000,0x00000000e6730b80,0x00000000e7f00000)
  to   space 55808K, 0% used [0x00000000e9880000,0x00000000e9880000,0x00000000ecf00000)
 ParOldGen       total 192000K, used 109420K [0x0000000080000000, 0x000000008bb80000, 0x00000000d5580000)
  object space 192000K, 56% used [0x0000000080000000,0x0000000086adb328,0x000000008bb80000)
 Metaspace       used 109111K, capacity 114906K, committed 115752K, reserved 1148928K
  class space    used 14281K, capacity 15466K, committed 15920K, reserved 1048576K
}
Event: 2980.875 GC heap before
{Heap before GC invocations=30 (full 4):
 PSYoungGen      total 304640K, used 280258K [0x00000000d5580000, 0x00000000ecf00000, 0x0000000100000000)
  eden space 248832K, 100% used [0x00000000d5580000,0x00000000e4880000,0x00000000e4880000)
  from space 55808K, 56% used [0x00000000e4880000,0x00000000e6730b80,0x00000000e7f00000)
  to   space 55808K, 0% used [0x00000000e9880000,0x00000000e9880000,0x00000000ecf00000)
 ParOldGen       total 192000K, used 109420K [0x0000000080000000, 0x000000008bb80000, 0x00000000d5580000)
  object space 192000K, 56% used [0x0000000080000000,0x0000000086adb328,0x000000008bb80000)
 Metaspace       used 109297K, capacity 115190K, committed 116264K, reserved 1148928K
  class space    used 14284K, capacity 15470K, committed 15920K, reserved 1048576K
Event: 2980.997 GC heap after
Heap after GC invocations=30 (full 4):
 PSYoungGen      total 327680K, used 33042K [0x00000000d5580000, 0x00000000ece00000, 0x0000000100000000)
  eden space 272896K, 0% used [0x00000000d5580000,0x00000000d5580000,0x00000000e6000000)
  from space 54784K, 60% used [0x00000000e9880000,0x00000000eb8c4b80,0x00000000ece00000)
  to   space 56320K, 0% used [0x00000000e6000000,0x00000000e6000000,0x00000000e9700000)
 ParOldGen       total 192000K, used 109428K [0x0000000080000000, 0x000000008bb80000, 0x00000000d5580000)
  object space 192000K, 56% used [0x0000000080000000,0x0000000086add328,0x000000008bb80000)
 Metaspace       used 109297K, capacity 115190K, committed 116264K, reserved 1148928K
  class space    used 14284K, capacity 15470K, committed 15920K, reserved 1048576K
}

